<?xml version="1.0" encoding="UTF-8"?>
<!-- Generated by org.testng.reporters.JUnitReportReporter -->
<testsuite hostname="Farah" failures="0" tests="2" name="testCases.AuthenticationApi" time="5.409" errors="0" timestamp="22 Dec 2023 20:34:28 GMT" skipped="0">
  <testcase classname="testCases.AuthenticationApi" name="authenticationAPI" time="3.970"/>
  <testcase classname="testCases.AuthenticationApi" name="readAllAccounts" time="1.439"/>
</testsuite> <!-- testCases.AuthenticationApi -->
