<?xml version="1.0" encoding="UTF-8"?>
<!-- Generated by org.testng.reporters.JUnitReportReporter -->
<testsuite hostname="Farah" failures="0" tests="3" name="testCases.CreateOneAccount" time="2.876" errors="0" timestamp="19 Dec 2023 20:24:20 GMT" skipped="0">
  <testcase classname="testCases.CreateOneAccount" name="createOneAccount" time="0.850"/>
  <testcase classname="testCases.CreateOneAccount" name="readAllAccounts" time="0.924"/>
  <testcase classname="testCases.CreateOneAccount" name="readOneAccount" time="1.102"/>
</testsuite> <!-- testCases.CreateOneAccount -->
