<?xml version="1.0" encoding="UTF-8"?>
<!-- Generated by org.testng.reporters.JUnitReportReporter -->
<testsuite hostname="Farah" failures="0" tests="2" name="testCases.UpdateOneAccount" time="2.360" errors="0" timestamp="19 Dec 2023 22:41:57 GMT" skipped="0">
  <testcase classname="testCases.UpdateOneAccount" name="updateOneAccount" time="1.404"/>
  <testcase classname="testCases.UpdateOneAccount" name="readOneAccount" time="0.956"/>
</testsuite> <!-- testCases.UpdateOneAccount -->
