<?xml version="1.0" encoding="UTF-8"?>
<!-- Generated by org.testng.reporters.JUnitReportReporter -->
<testsuite hostname="Farah" failures="0" tests="1" name="testCases.GenerateBearerToken" time="3.849" errors="0" timestamp="16 Dec 2023 02:24:11 GMT" skipped="0">
  <testcase classname="testCases.GenerateBearerToken" name="generateBearerToken" time="3.849"/>
</testsuite> <!-- testCases.GenerateBearerToken -->
