<?xml version="1.0" encoding="UTF-8"?>
<!-- Generated by org.testng.reporters.JUnitReportReporter -->
<testsuite hostname="Farah" failures="0" tests="2" name="testCases.DeleteOneAccount" time="1.888" errors="0" timestamp="22 Dec 2023 20:35:35 GMT" skipped="0">
  <testcase classname="testCases.DeleteOneAccount" name="DeleteOneAccount" time="0.876"/>
  <testcase classname="testCases.DeleteOneAccount" name="readOneAccount" time="1.012"/>
</testsuite> <!-- testCases.DeleteOneAccount -->
