<?xml version="1.0" encoding="UTF-8"?>
<!-- Generated by org.testng.reporters.JUnitReportReporter -->
<testsuite hostname="Farah" failures="0" tests="2" name="testCases.ReadOneAccount" time="4.815" errors="0" timestamp="18 Dec 2023 19:19:28 GMT" skipped="0">
  <testcase classname="testCases.ReadOneAccount" name="generateBearerToken" time="3.634"/>
  <testcase classname="testCases.ReadOneAccount" name="getOneAccount" time="1.181"/>
</testsuite> <!-- testCases.ReadOneAccount -->
